[2018-05-14 22:31:36.875] [exthost1] [info] extension host started
[2018-05-14 22:31:36.931] [exthost1] [info] ExtensionService#_doActivateExtension vscode.emmet {"startup":true,"activationEvent":"*"}
[2018-05-14 22:31:36.931] [exthost1] [info] ExtensionService#loadCommonJSModule /home/aayush/.codemix/engine/resources/app/extensions/emmet/out/extension
[2018-05-14 22:31:37.025] [exthost1] [info] ExtensionService#_doActivateExtension vscode.git {"startup":true,"activationEvent":"*"}
[2018-05-14 22:31:37.025] [exthost1] [info] ExtensionService#loadCommonJSModule /home/aayush/.codemix/engine/resources/app/extensions/git/out/main
[2018-05-14 22:31:37.124] [exthost1] [info] ExtensionService#_doActivateExtension vscode.merge-conflict {"startup":true,"activationEvent":"*"}
[2018-05-14 22:31:37.124] [exthost1] [info] ExtensionService#loadCommonJSModule /home/aayush/.codemix/engine/resources/app/extensions/merge-conflict/out/extension
[2018-05-14 22:31:37.143] [exthost1] [info] ExtensionService#_doActivateExtension eppz.eppz-code {"startup":true,"activationEvent":"*"}
[2018-05-14 22:31:37.143] [exthost1] [info] ExtensionService#loadCommonJSModule /home/aayush/.vscode/extensions/eppz.eppz-code-1.2.41/out/src/main
[2018-05-14 22:31:38.126] [exthost1] [info] extension host started
[2018-05-14 22:31:38.185] [exthost1] [info] ExtensionService#_doActivateExtension vscode.emmet {"startup":true,"activationEvent":"*"}
[2018-05-14 22:31:38.185] [exthost1] [info] ExtensionService#loadCommonJSModule /home/aayush/.codemix/engine/resources/app/extensions/emmet/out/extension
[2018-05-14 22:31:38.291] [exthost1] [info] ExtensionService#_doActivateExtension vscode.git {"startup":true,"activationEvent":"*"}
[2018-05-14 22:31:38.291] [exthost1] [info] ExtensionService#loadCommonJSModule /home/aayush/.codemix/engine/resources/app/extensions/git/out/main
[2018-05-14 22:31:38.403] [exthost1] [info] ExtensionService#_doActivateExtension vscode.merge-conflict {"startup":true,"activationEvent":"*"}
[2018-05-14 22:31:38.403] [exthost1] [info] ExtensionService#loadCommonJSModule /home/aayush/.codemix/engine/resources/app/extensions/merge-conflict/out/extension
[2018-05-14 22:31:38.420] [exthost1] [info] ExtensionService#_doActivateExtension eppz.eppz-code {"startup":true,"activationEvent":"*"}
[2018-05-14 22:31:38.420] [exthost1] [info] ExtensionService#loadCommonJSModule /home/aayush/.vscode/extensions/eppz.eppz-code-1.2.41/out/src/main
[2018-05-14 22:32:07.734] [exthost1] [info] eager extensions activated
[2018-05-14 22:32:07.780] [exthost1] [info] ExtensionService#_doActivateExtension vscode.configuration-editing {"startup":false,"activationEvent":"onLanguage:jsonc"}
[2018-05-14 22:32:07.780] [exthost1] [info] ExtensionService#loadCommonJSModule /home/aayush/.codemix/engine/resources/app/extensions/configuration-editing/out/extension
[2018-05-14 22:32:07.793] [exthost1] [info] ExtensionService#_doActivateExtension vscode.json {"startup":false,"activationEvent":"onLanguage:jsonc"}
[2018-05-14 22:32:07.793] [exthost1] [info] ExtensionService#loadCommonJSModule /home/aayush/.codemix/engine/resources/app/extensions/json/client/out/jsonMain
[2018-05-14 22:32:07.755] [exthost1] [info] ExtensionService#_doActivateExtension vscode.configuration-editing {"startup":false,"activationEvent":"onLanguage:jsonc"}
[2018-05-14 22:32:07.755] [exthost1] [info] ExtensionService#loadCommonJSModule /home/aayush/.codemix/engine/resources/app/extensions/configuration-editing/out/extension
[2018-05-14 22:32:07.777] [exthost1] [info] ExtensionService#_doActivateExtension vscode.json {"startup":false,"activationEvent":"onLanguage:jsonc"}
[2018-05-14 22:32:07.777] [exthost1] [info] ExtensionService#loadCommonJSModule /home/aayush/.codemix/engine/resources/app/extensions/json/client/out/jsonMain
[2018-05-14 22:32:08.437] [exthost1] [info] eager extensions activated
[2018-05-14 22:32:14.958] [exthost1] [info] extension host started
[2018-05-14 22:32:15.078] [exthost1] [info] ExtensionService#_doActivateExtension vscode.emmet {"startup":true,"activationEvent":"*"}
[2018-05-14 22:32:15.079] [exthost1] [info] ExtensionService#loadCommonJSModule /home/aayush/.codemix/engine/resources/app/extensions/emmet/out/extension
[2018-05-14 22:32:15.280] [exthost1] [info] ExtensionService#_doActivateExtension vscode.git {"startup":true,"activationEvent":"*"}
[2018-05-14 22:32:15.280] [exthost1] [info] ExtensionService#loadCommonJSModule /home/aayush/.codemix/engine/resources/app/extensions/git/out/main
[2018-05-14 22:32:15.460] [exthost1] [info] ExtensionService#_doActivateExtension vscode.merge-conflict {"startup":true,"activationEvent":"*"}
[2018-05-14 22:32:15.460] [exthost1] [info] ExtensionService#loadCommonJSModule /home/aayush/.codemix/engine/resources/app/extensions/merge-conflict/out/extension
[2018-05-14 22:32:15.491] [exthost1] [info] ExtensionService#_doActivateExtension eppz.eppz-code {"startup":true,"activationEvent":"*"}
[2018-05-14 22:32:15.491] [exthost1] [info] ExtensionService#loadCommonJSModule /home/aayush/.vscode/extensions/eppz.eppz-code-1.2.41/out/src/main
[2018-05-14 22:32:16.125] [exthost1] [info] ExtensionService#_doActivateExtension vscode.configuration-editing {"startup":false,"activationEvent":"onLanguage:jsonc"}
[2018-05-14 22:32:16.125] [exthost1] [info] ExtensionService#loadCommonJSModule /home/aayush/.codemix/engine/resources/app/extensions/configuration-editing/out/extension
[2018-05-14 22:32:16.152] [exthost1] [info] ExtensionService#_doActivateExtension vscode.json {"startup":false,"activationEvent":"onLanguage:jsonc"}
[2018-05-14 22:32:16.152] [exthost1] [info] ExtensionService#loadCommonJSModule /home/aayush/.codemix/engine/resources/app/extensions/json/client/out/jsonMain
[2018-05-14 22:32:16.849] [exthost1] [info] eager extensions activated
