Looking for git in: git
Using git 2.7.4 from git
git rev-parse --show-toplevel
git config --get commit.template
git status -z -u
git rev-parse --show-toplevel
fatal: Not a git repository (or any of the parent directories): .git

git check-ignore -z --stdin
git symbolic-ref --short HEAD
git rev-parse master
git rev-parse --symbolic-full-name --abbrev-ref master@{u}
fatal: no upstream configured for branch 'master'

git for-each-ref --format %(refname) %(objectname) --sort -committerdate
git remote --verbose
git rev-parse --show-toplevel
fatal: Not a git repository (or any of the parent directories): .git

git show :entry-point/src/credentials.properties
git check-ignore -z --stdin
git rev-parse --show-toplevel
git show :entry-point/src/entry/input/credentials.properties
fatal: Not a git repository (or any of the parent directories): .git

git rev-parse --show-toplevel
fatal: Not a git repository (or any of the parent directories): .git

git check-ignore -z --stdin
git check-ignore -z --stdin
git show :entry-point/credentials.properties
git show :entry-point/src/entry/input/credentials.properties
git show :entry-point/credentials.properties
git show :entry-point/src/entry/input/credentials.properties
git show :entry-point/credentials.properties
git rev-parse --show-toplevel
fatal: Not a git repository (or any of the parent directories): .git

git rev-parse --show-toplevel
fatal: Not a git repository (or any of the parent directories): .git

git show :entry-point/src/entry/input/credentials.properties
git rev-parse --show-toplevel
fatal: Not a git repository (or any of the parent directories): .git

git rev-parse --show-toplevel
fatal: Not a git repository (or any of the parent directories): .git

git show :entry-point/credentials.properties
git rev-parse --show-toplevel
fatal: Not a git repository (or any of the parent directories): .git

git rev-parse --show-toplevel
fatal: Not a git repository (or any of the parent directories): .git

git show :entry-point/credentials.properties
git check-ignore -z --stdin
git check-ignore -z --stdin
